<?xml version="1.0" encoding="UTF-8"?>
<!-- Generated by org.testng.reporters.JUnitReportReporter -->
<testsuite hostname="MC-19-IT-3123" name="rFQTestCaseModues.LoginTest" tests="1" failures="0" timestamp="23 Feb 2022 11:29:29 GMT" time="23.870" errors="0">
  <testcase name="toPerformSCActions" time="23.870" classname="rFQTestCaseModues.LoginTest"/>
</testsuite> <!-- rFQTestCaseModues.LoginTest -->
